<?xml version="1.0" encoding="UTF-8"?>
<testng-results skipped="0" failed="1" ignored="0" total="1" passed="0">
  <reporter-output>
  </reporter-output>
  <suite name="Suite" duration-ms="73275" started-at="2023-01-23T00:25:42 IST" finished-at="2023-01-23T00:26:56 IST">
    <groups>
      <group name="Sanity">
        <method signature="TC08_LumaEndToEndTest.endToEndTest(java.lang.String, java.lang.String, java.lang.String, java.lang.String, java.lang.String, java.lang.String, java.lang.String, java.lang.String, java.lang.String, java.lang.String, java.lang.String, java.lang.String, java.lang.String)[pri:0, instance:com.mystore.testcases.TC08_LumaEndToEndTest@52feb982]" name="endToEndTest" class="com.mystore.testcases.TC08_LumaEndToEndTest"/>
      </group> <!-- Sanity -->
      <group name="Regression">
        <method signature="TC08_LumaEndToEndTest.endToEndTest(java.lang.String, java.lang.String, java.lang.String, java.lang.String, java.lang.String, java.lang.String, java.lang.String, java.lang.String, java.lang.String, java.lang.String, java.lang.String, java.lang.String, java.lang.String)[pri:0, instance:com.mystore.testcases.TC08_LumaEndToEndTest@52feb982]" name="endToEndTest" class="com.mystore.testcases.TC08_LumaEndToEndTest"/>
      </group> <!-- Regression -->
      <group name="Smoke">
        <method signature="TC08_LumaEndToEndTest.endToEndTest(java.lang.String, java.lang.String, java.lang.String, java.lang.String, java.lang.String, java.lang.String, java.lang.String, java.lang.String, java.lang.String, java.lang.String, java.lang.String, java.lang.String, java.lang.String)[pri:0, instance:com.mystore.testcases.TC08_LumaEndToEndTest@52feb982]" name="endToEndTest" class="com.mystore.testcases.TC08_LumaEndToEndTest"/>
      </group> <!-- Smoke -->
    </groups>
    <test name="Sanity" duration-ms="73275" started-at="2023-01-23T00:25:42 IST" finished-at="2023-01-23T00:26:56 IST">
      <class name="com.mystore.testcases.TC08_LumaEndToEndTest">
        <test-method status="PASS" signature="loadConfig()[pri:0, instance:com.mystore.testcases.TC08_LumaEndToEndTest@52feb982]" name="loadConfig" is-config="true" duration-ms="122" started-at="2023-01-23T00:25:42 IST" finished-at="2023-01-23T00:25:42 IST">
          <reporter-output>
          </reporter-output>
        </test-method> <!-- loadConfig -->
        <test-method status="PASS" signature="setup(java.lang.String)[pri:0, instance:com.mystore.testcases.TC08_LumaEndToEndTest@52feb982]" name="setup" is-config="true" duration-ms="6743" started-at="2023-01-23T00:25:43 IST" finished-at="2023-01-23T00:25:50 IST">
          <params>
            <param index="0">
              <value>
                <![CDATA[Chrome]]>
              </value>
            </param>
          </params>
          <reporter-output>
          </reporter-output>
        </test-method> <!-- setup -->
        <test-method status="FAIL" signature="endToEndTest(java.lang.String, java.lang.String, java.lang.String, java.lang.String, java.lang.String, java.lang.String, java.lang.String, java.lang.String, java.lang.String, java.lang.String, java.lang.String, java.lang.String, java.lang.String)[pri:0, instance:com.mystore.testcases.TC08_LumaEndToEndTest@52feb982]" name="endToEndTest" duration-ms="65515" started-at="2023-01-23T00:25:50 IST" data-provider="credentials" finished-at="2023-01-23T00:26:55 IST">
          <params>
            <param index="0">
              <value>
                <![CDATA[lumatest01234567@mail7.io]]>
              </value>
            </param>
            <param index="1">
              <value>
                <![CDATA[testluma@2009]]>
              </value>
            </param>
            <param index="2">
              <value>
                <![CDATA[Mritunjay]]>
              </value>
            </param>
            <param index="3">
              <value>
                <![CDATA[Sinha]]>
              </value>
            </param>
            <param index="4">
              <value>
                <![CDATA[9049000001]]>
              </value>
            </param>
            <param index="5">
              <value>
                <![CDATA[Yerwada]]>
              </value>
            </param>
            <param index="6">
              <value>
                <![CDATA[Pune]]>
              </value>
            </param>
            <param index="7">
              <value>
                <![CDATA[Maharashtra]]>
              </value>
            </param>
            <param index="8">
              <value>
                <![CDATA[411006]]>
              </value>
            </param>
            <param index="9">
              <value>
                <![CDATA[India]]>
              </value>
            </param>
            <param index="10">
              <value>
                <![CDATA[Overnight Duffle]]>
              </value>
            </param>
            <param index="11">
              <value>
                <![CDATA[1]]>
              </value>
            </param>
            <param index="12">
              <value>
                <![CDATA[1]]>
              </value>
            </param>
          </params>
          <exception class="org.openqa.selenium.InvalidSelectorException">
            <message>
              <![CDATA[invalid selector: Unable to locate an element with the xpath expression //span[@data-bind='i18n: 'Next''] because of the following error:
SyntaxError: Failed to execute 'evaluate' on 'Document': The string '//span[@data-bind='i18n: 'Next'']' is not a valid XPath expression.
  (Session info: chrome=109.0.5414.87)
For documentation on this error, please visit: https://www.seleniumhq.org/exceptions/invalid_selector_exception.html
Build info: version: '3.141.59', revision: 'e82be7d358', time: '2018-11-14T08:17:03'
System info: host: 'Mritunjays-MacBook-Pro.local', ip: 'fe80:0:0:0:c62:7438:7525:48fa%en0', os.name: 'Mac OS X', os.arch: 'x86_64', os.version: '10.16', java.version: '1.8.0_202'
Driver info: org.openqa.selenium.chrome.ChromeDriver
Capabilities {acceptInsecureCerts: false, browserName: chrome, browserVersion: 109.0.5414.87, chrome: {chromedriverVersion: 109.0.5414.74 (e7c5703604da..., userDataDir: /var/folders/nr/1f4174nn26q...}, goog:chromeOptions: {debuggerAddress: localhost:51478}, javascriptEnabled: true, networkConnectionEnabled: false, pageLoadStrategy: normal, platform: MAC, platformName: MAC, proxy: Proxy(), setWindowRect: true, strictFileInteractability: false, timeouts: {implicit: 0, pageLoad: 300000, script: 30000}, unhandledPromptBehavior: dismiss and notify, webauthn:extension:credBlob: true, webauthn:extension:largeBlob: true, webauthn:virtualAuthenticators: true}
Session ID: 2a813eb14947332dd0148e25fa7e1914
*** Element info: {Using=xpath, value=//span[@data-bind='i18n: 'Next'']}]]>
            </message>
            <full-stacktrace>
              <![CDATA[org.openqa.selenium.InvalidSelectorException: invalid selector: Unable to locate an element with the xpath expression //span[@data-bind='i18n: 'Next''] because of the following error:
SyntaxError: Failed to execute 'evaluate' on 'Document': The string '//span[@data-bind='i18n: 'Next'']' is not a valid XPath expression.
  (Session info: chrome=109.0.5414.87)
For documentation on this error, please visit: https://www.seleniumhq.org/exceptions/invalid_selector_exception.html
Build info: version: '3.141.59', revision: 'e82be7d358', time: '2018-11-14T08:17:03'
System info: host: 'Mritunjays-MacBook-Pro.local', ip: 'fe80:0:0:0:c62:7438:7525:48fa%en0', os.name: 'Mac OS X', os.arch: 'x86_64', os.version: '10.16', java.version: '1.8.0_202'
Driver info: org.openqa.selenium.chrome.ChromeDriver
Capabilities {acceptInsecureCerts: false, browserName: chrome, browserVersion: 109.0.5414.87, chrome: {chromedriverVersion: 109.0.5414.74 (e7c5703604da..., userDataDir: /var/folders/nr/1f4174nn26q...}, goog:chromeOptions: {debuggerAddress: localhost:51478}, javascriptEnabled: true, networkConnectionEnabled: false, pageLoadStrategy: normal, platform: MAC, platformName: MAC, proxy: Proxy(), setWindowRect: true, strictFileInteractability: false, timeouts: {implicit: 0, pageLoad: 300000, script: 30000}, unhandledPromptBehavior: dismiss and notify, webauthn:extension:credBlob: true, webauthn:extension:largeBlob: true, webauthn:virtualAuthenticators: true}
Session ID: 2a813eb14947332dd0148e25fa7e1914
*** Element info: {Using=xpath, value=//span[@data-bind='i18n: 'Next'']}
at sun.reflect.NativeConstructorAccessorImpl.newInstance0(Native Method)
at sun.reflect.NativeConstructorAccessorImpl.newInstance(NativeConstructorAccessorImpl.java:62)
at sun.reflect.DelegatingConstructorAccessorImpl.newInstance(DelegatingConstructorAccessorImpl.java:45)
at java.lang.reflect.Constructor.newInstance(Constructor.java:423)
at org.openqa.selenium.remote.http.W3CHttpResponseCodec.createException(W3CHttpResponseCodec.java:187)
at org.openqa.selenium.remote.http.W3CHttpResponseCodec.decode(W3CHttpResponseCodec.java:122)
at org.openqa.selenium.remote.http.W3CHttpResponseCodec.decode(W3CHttpResponseCodec.java:49)
at org.openqa.selenium.remote.HttpCommandExecutor.execute(HttpCommandExecutor.java:158)
at org.openqa.selenium.remote.service.DriverCommandExecutor.execute(DriverCommandExecutor.java:83)
at org.openqa.selenium.remote.RemoteWebDriver.execute(RemoteWebDriver.java:552)
at org.openqa.selenium.remote.RemoteWebDriver.findElement(RemoteWebDriver.java:323)
at org.openqa.selenium.remote.RemoteWebDriver.findElementByXPath(RemoteWebDriver.java:428)
at org.openqa.selenium.By$ByXPath.findElement(By.java:353)
at org.openqa.selenium.remote.RemoteWebDriver.findElement(RemoteWebDriver.java:315)
at org.openqa.selenium.support.pagefactory.DefaultElementLocator.findElement(DefaultElementLocator.java:69)
at org.openqa.selenium.support.pagefactory.internal.LocatingElementHandler.invoke(LocatingElementHandler.java:38)
at com.sun.proxy.$Proxy13.getWrappedElement(Unknown Source)
at org.openqa.selenium.remote.internal.WebElementToJsonConverter.apply(WebElementToJsonConverter.java:50)
at java.util.stream.ReferencePipeline$3$1.accept(ReferencePipeline.java:193)
at java.util.Spliterators$ArraySpliterator.forEachRemaining(Spliterators.java:948)
at java.util.stream.AbstractPipeline.copyInto(AbstractPipeline.java:481)
at java.util.stream.AbstractPipeline.wrapAndCopyInto(AbstractPipeline.java:471)
at java.util.stream.ReduceOps$ReduceOp.evaluateSequential(ReduceOps.java:708)
at java.util.stream.AbstractPipeline.evaluate(AbstractPipeline.java:234)
at java.util.stream.ReferencePipeline.collect(ReferencePipeline.java:499)
at org.openqa.selenium.remote.RemoteWebDriver.executeScript(RemoteWebDriver.java:484)
at com.mystore.actiondriver.Action.scrollByVisibilityOfElement(Action.java:40)
at com.mystore.pageobjects.AddToCartPage.clickOnCheckOut(AddToCartPage.java:75)
at com.mystore.testcases.TC08_LumaEndToEndTest.endToEndTest(TC08_LumaEndToEndTest.java:73)
at sun.reflect.NativeMethodAccessorImpl.invoke0(Native Method)
at sun.reflect.NativeMethodAccessorImpl.invoke(NativeMethodAccessorImpl.java:62)
at sun.reflect.DelegatingMethodAccessorImpl.invoke(DelegatingMethodAccessorImpl.java:43)
at java.lang.reflect.Method.invoke(Method.java:498)
at org.testng.internal.MethodInvocationHelper.invokeMethod(MethodInvocationHelper.java:134)
at org.testng.internal.TestInvoker.invokeMethod(TestInvoker.java:597)
at org.testng.internal.TestInvoker.invokeTestMethod(TestInvoker.java:173)
at org.testng.internal.MethodRunner.runInSequence(MethodRunner.java:46)
at org.testng.internal.TestInvoker$MethodInvocationAgent.invoke(TestInvoker.java:816)
at org.testng.internal.TestInvoker.invokeTestMethods(TestInvoker.java:146)
at org.testng.internal.TestMethodWorker.invokeTestMethods(TestMethodWorker.java:146)
at org.testng.internal.TestMethodWorker.run(TestMethodWorker.java:128)
at java.util.ArrayList.forEach(ArrayList.java:1257)
at org.testng.TestRunner.privateRun(TestRunner.java:766)
at org.testng.TestRunner.run(TestRunner.java:587)
at org.testng.SuiteRunner.runTest(SuiteRunner.java:384)
at org.testng.SuiteRunner.runSequentially(SuiteRunner.java:378)
at org.testng.SuiteRunner.privateRun(SuiteRunner.java:337)
at org.testng.SuiteRunner.run(SuiteRunner.java:286)
at org.testng.SuiteRunnerWorker.runSuite(SuiteRunnerWorker.java:53)
at org.testng.SuiteRunnerWorker.run(SuiteRunnerWorker.java:96)
at org.testng.TestNG.runSuitesSequentially(TestNG.java:1187)
at org.testng.TestNG.runSuitesLocally(TestNG.java:1109)
at org.testng.TestNG.runSuites(TestNG.java:1039)
at org.testng.TestNG.run(TestNG.java:1007)
at org.testng.remote.AbstractRemoteTestNG.run(AbstractRemoteTestNG.java:115)
at org.testng.remote.RemoteTestNG.initAndRun(RemoteTestNG.java:251)
at org.testng.remote.RemoteTestNG.main(RemoteTestNG.java:77)
]]>
            </full-stacktrace>
          </exception> <!-- org.openqa.selenium.InvalidSelectorException -->
          <reporter-output>
          </reporter-output>
        </test-method> <!-- endToEndTest -->
        <test-method status="PASS" signature="tearDown()[pri:0, instance:com.mystore.testcases.TC08_LumaEndToEndTest@52feb982]" name="tearDown" is-config="true" duration-ms="296" started-at="2023-01-23T00:26:55 IST" finished-at="2023-01-23T00:26:56 IST">
          <reporter-output>
          </reporter-output>
        </test-method> <!-- tearDown -->
        <test-method status="PASS" signature="afterSuite()[pri:0, instance:com.mystore.testcases.TC08_LumaEndToEndTest@52feb982]" name="afterSuite" is-config="true" duration-ms="200" started-at="2023-01-23T00:27:01 IST" finished-at="2023-01-23T00:27:01 IST">
          <reporter-output>
          </reporter-output>
        </test-method> <!-- afterSuite -->
      </class> <!-- com.mystore.testcases.TC08_LumaEndToEndTest -->
    </test> <!-- Sanity -->
  </suite> <!-- Suite -->
</testng-results>
